  FPSCounter.cpp
  Main.cpp
  Minigin.cpp
  TimeManager.cpp
     Creating library D:\DAE1\Year2\Semester2\Programming 4\Bengine\Bengine\x64\Release\Minigin.lib and object D:\DAE1\Year2\Semester2\Programming 4\Bengine\Bengine\x64\Release\Minigin.exp
  Generating code
  7 of 506 functions ( 1.4%) were compiled, the rest were copied from previous compilation.
    2 functions were new in current compilation
    6 functions had inline decision re-evaluated but remain unchanged
  Finished generating code
  Minigin.vcxproj -> D:\DAE1\Year2\Semester2\Programming 4\Bengine\Bengine\x64\Release\Minigin.exe
  D:\DAE1\Year2\Semester2\Programming 4\Bengine\Bengine\3rdParty\SDL2\lib\x64\SDL2.dll
  1 File(s) copied
  D:\DAE1\Year2\Semester2\Programming 4\Bengine\Bengine\3rdParty\SDL2_image\lib\x64\libjpeg-9.dll
  D:\DAE1\Year2\Semester2\Programming 4\Bengine\Bengine\3rdParty\SDL2_image\lib\x64\libpng16-16.dll
  D:\DAE1\Year2\Semester2\Programming 4\Bengine\Bengine\3rdParty\SDL2_image\lib\x64\libtiff-5.dll
  D:\DAE1\Year2\Semester2\Programming 4\Bengine\Bengine\3rdParty\SDL2_image\lib\x64\libwebp-7.dll
  D:\DAE1\Year2\Semester2\Programming 4\Bengine\Bengine\3rdParty\SDL2_image\lib\x64\SDL2_image.dll
  D:\DAE1\Year2\Semester2\Programming 4\Bengine\Bengine\3rdParty\SDL2_image\lib\x64\zlib1.dll
  6 File(s) copied
  D:\DAE1\Year2\Semester2\Programming 4\Bengine\Bengine\3rdParty\SDL2_ttf\lib\x64\libfreetype-6.dll
  D:\DAE1\Year2\Semester2\Programming 4\Bengine\Bengine\3rdParty\SDL2_ttf\lib\x64\SDL2_ttf.dll
  2 File(s) copied
