d:\dae1\year2\semester2\programming 4\bengine\bengine\minigin\x64\release\minigin.pch
d:\dae1\year2\semester2\programming 4\bengine\bengine\minigin\x64\release\vc142.pdb
d:\dae1\year2\semester2\programming 4\bengine\bengine\minigin\x64\release\miniginpch.obj
d:\dae1\year2\semester2\programming 4\bengine\bengine\minigin\x64\release\transform.obj
d:\dae1\year2\semester2\programming 4\bengine\bengine\minigin\x64\release\timemanager.obj
d:\dae1\year2\semester2\programming 4\bengine\bengine\minigin\x64\release\texture2d.obj
d:\dae1\year2\semester2\programming 4\bengine\bengine\minigin\x64\release\textcomponent.obj
d:\dae1\year2\semester2\programming 4\bengine\bengine\minigin\x64\release\scenemanager.obj
d:\dae1\year2\semester2\programming 4\bengine\bengine\minigin\x64\release\scene.obj
d:\dae1\year2\semester2\programming 4\bengine\bengine\minigin\x64\release\resourcemanager.obj
d:\dae1\year2\semester2\programming 4\bengine\bengine\minigin\x64\release\renderer.obj
d:\dae1\year2\semester2\programming 4\bengine\bengine\minigin\x64\release\minigin.obj
d:\dae1\year2\semester2\programming 4\bengine\bengine\minigin\x64\release\main.obj
d:\dae1\year2\semester2\programming 4\bengine\bengine\minigin\x64\release\inputmanager.obj
d:\dae1\year2\semester2\programming 4\bengine\bengine\minigin\x64\release\texturecomponent.obj
d:\dae1\year2\semester2\programming 4\bengine\bengine\minigin\x64\release\sceneobject.obj
d:\dae1\year2\semester2\programming 4\bengine\bengine\minigin\x64\release\fpscounter.obj
d:\dae1\year2\semester2\programming 4\bengine\bengine\minigin\x64\release\font.obj
d:\dae1\year2\semester2\programming 4\bengine\bengine\x64\release\minigin.exe
d:\dae1\year2\semester2\programming 4\bengine\bengine\x64\release\minigin.pdb
d:\dae1\year2\semester2\programming 4\bengine\bengine\x64\release\minigin.lib
d:\dae1\year2\semester2\programming 4\bengine\bengine\x64\release\minigin.exp
d:\dae1\year2\semester2\programming 4\bengine\bengine\x64\release\minigin.ipdb
d:\dae1\year2\semester2\programming 4\bengine\bengine\x64\release\minigin.iobj
d:\dae1\year2\semester2\programming 4\bengine\bengine\minigin\x64\release\minigin.tlog\cl.command.1.tlog
d:\dae1\year2\semester2\programming 4\bengine\bengine\minigin\x64\release\minigin.tlog\cl.read.1.tlog
d:\dae1\year2\semester2\programming 4\bengine\bengine\minigin\x64\release\minigin.tlog\cl.write.1.tlog
d:\dae1\year2\semester2\programming 4\bengine\bengine\minigin\x64\release\minigin.tlog\link.command.1.tlog
d:\dae1\year2\semester2\programming 4\bengine\bengine\minigin\x64\release\minigin.tlog\link.read.1.tlog
d:\dae1\year2\semester2\programming 4\bengine\bengine\minigin\x64\release\minigin.tlog\link.write.1.tlog
d:\dae1\year2\semester2\programming 4\bengine\bengine\minigin\x64\release\minigin.tlog\minigin.write.1u.tlog
