d:\dae1\year2\semester2\programming 4\bengine\bengine\minigin\x64\debug\bengine.pch
d:\dae1\year2\semester2\programming 4\bengine\bengine\minigin\x64\debug\vc142.pdb
d:\dae1\year2\semester2\programming 4\bengine\bengine\minigin\x64\debug\vc142.idb
d:\dae1\year2\semester2\programming 4\bengine\bengine\minigin\x64\debug\miniginpch.obj
d:\dae1\year2\semester2\programming 4\bengine\bengine\minigin\x64\debug\transform.obj
d:\dae1\year2\semester2\programming 4\bengine\bengine\minigin\x64\debug\timemanager.obj
d:\dae1\year2\semester2\programming 4\bengine\bengine\minigin\x64\debug\texture2d.obj
d:\dae1\year2\semester2\programming 4\bengine\bengine\minigin\x64\debug\scenemanager.obj
d:\dae1\year2\semester2\programming 4\bengine\bengine\minigin\x64\debug\scene.obj
d:\dae1\year2\semester2\programming 4\bengine\bengine\minigin\x64\debug\resourcemanager.obj
d:\dae1\year2\semester2\programming 4\bengine\bengine\minigin\x64\debug\renderer.obj
d:\dae1\year2\semester2\programming 4\bengine\bengine\minigin\x64\debug\minigin.obj
d:\dae1\year2\semester2\programming 4\bengine\bengine\minigin\x64\debug\main.obj
d:\dae1\year2\semester2\programming 4\bengine\bengine\minigin\x64\debug\inputmanager.obj
d:\dae1\year2\semester2\programming 4\bengine\bengine\minigin\x64\debug\gameobject.obj
d:\dae1\year2\semester2\programming 4\bengine\bengine\minigin\x64\debug\font.obj
d:\dae1\year2\semester2\programming 4\bengine\bengine\minigin\x64\debug\component.obj
d:\dae1\year2\semester2\programming 4\bengine\bengine\minigin\x64\debug\bengine.tlog\cl.command.1.tlog
d:\dae1\year2\semester2\programming 4\bengine\bengine\minigin\x64\debug\bengine.tlog\cl.read.1.tlog
d:\dae1\year2\semester2\programming 4\bengine\bengine\minigin\x64\debug\bengine.tlog\cl.write.1.tlog
