C:\Program Files (x86)\Microsoft Visual Studio\2019\Community\MSBuild\Microsoft\VC\v160\Microsoft.CppBuild.targets(467,5): warning MSB8028: The intermediate directory (x64\Debug\) contains files shared from another project (Bengine.vcxproj).  This can lead to incorrect clean and rebuild behavior.
  MiniginPCH.cpp
  Font.cpp
  GameObject.cpp
  InputManager.cpp
  Main.cpp
  Minigin.cpp
  Renderer.cpp
  ResourceManager.cpp
  Scene.cpp
  SceneManager.cpp
  TextObject.cpp
  Texture2D.cpp
  TimeManager.cpp
  Transform.cpp
  Generating Code...
     Creating library D:\DAE1\Year2\Semester2\Programming 4\Bengine\bengine\x64\Debug\Minigin.lib and object D:\DAE1\Year2\Semester2\Programming 4\Bengine\bengine\x64\Debug\Minigin.exp
  Minigin.vcxproj -> D:\DAE1\Year2\Semester2\Programming 4\Bengine\bengine\x64\Debug\Minigin.exe
  D:\DAE1\Year2\Semester2\Programming 4\Bengine\bengine\3rdParty\SDL2\lib\x64\SDL2.dll
  1 File(s) copied
  D:\DAE1\Year2\Semester2\Programming 4\Bengine\bengine\3rdParty\SDL2_image\lib\x64\libjpeg-9.dll
  D:\DAE1\Year2\Semester2\Programming 4\Bengine\bengine\3rdParty\SDL2_image\lib\x64\libpng16-16.dll
  D:\DAE1\Year2\Semester2\Programming 4\Bengine\bengine\3rdParty\SDL2_image\lib\x64\libtiff-5.dll
  D:\DAE1\Year2\Semester2\Programming 4\Bengine\bengine\3rdParty\SDL2_image\lib\x64\libwebp-7.dll
  D:\DAE1\Year2\Semester2\Programming 4\Bengine\bengine\3rdParty\SDL2_image\lib\x64\SDL2_image.dll
  D:\DAE1\Year2\Semester2\Programming 4\Bengine\bengine\3rdParty\SDL2_image\lib\x64\zlib1.dll
  6 File(s) copied
  D:\DAE1\Year2\Semester2\Programming 4\Bengine\bengine\3rdParty\SDL2_ttf\lib\x64\libfreetype-6.dll
  D:\DAE1\Year2\Semester2\Programming 4\Bengine\bengine\3rdParty\SDL2_ttf\lib\x64\SDL2_ttf.dll
  2 File(s) copied
